[01:34:35] [ServerMain/INFO]: [bootstrap] Running Java 21 (OpenJDK 64-Bit Server VM 21.0.8+9-Ubuntu-0ubuntu124.04.1; Ubuntu null) on Linux 6.8.0-1030-azure (amd64)
[01:34:35] [ServerMain/INFO]: [bootstrap] Loading Paper 1.21.8-6-main@782ce95 (2025-07-18T20:26:58Z) for Minecraft 1.21.8
[01:34:35] [ServerMain/INFO]: [PluginInitializerManager] Initializing plugins...
[01:34:36] [ServerMain/INFO]: [PluginInitializerManager] Initialized 9 plugins
[01:34:36] [ServerMain/INFO]: [PluginInitializerManager] Bukkit plugins (9):
 - BattleLock (1.3), ItemEdit (3.7.4), ItemEditor (2.1.0), LoginSecurity (3.3.0), OpenInv (5.1.13), SkinsRestorer (15.8.0), Vanish (1.0-V), ViaBackwards (5.4.3-SNAPSHOT), ViaVersion (5.5.0-SNAPSHOT)
[01:34:41] [ServerMain/INFO]: Environment: Environment[sessionHost=https://sessionserver.mojang.com, servicesHost=https://api.minecraftservices.com, name=PROD]
[01:34:43] [ServerMain/INFO]: Loaded 1407 recipes
[01:34:43] [ServerMain/INFO]: Loaded 1520 advancements
[01:34:43] [ServerMain/INFO]: [ca.spottedleaf.dataconverter.minecraft.datatypes.MCTypeRegistry] Initialising converters for DataConverter...
[01:34:44] [ServerMain/INFO]: [ca.spottedleaf.dataconverter.minecraft.datatypes.MCTypeRegistry] Finished initialising converters for DataConverter in 397.9ms
[01:34:44] [Server thread/INFO]: Starting minecraft server version 1.21.8
[01:34:44] [Server thread/INFO]: Loading properties
[01:34:44] [Server thread/INFO]: This server is running Paper version 1.21.8-6-main@782ce95 (2025-07-18T20:26:58Z) (Implementing API version 1.21.8-R0.1-SNAPSHOT)
[01:34:44] [Server thread/INFO]: [spark] This server bundles the spark profiler. For more information please visit https://docs.papermc.io/paper/profiling
[01:34:44] [Server thread/INFO]: Server Ping Player Sample Count: 12
[01:34:44] [Server thread/INFO]: Using 4 threads for Netty based IO
[01:34:45] [Server thread/INFO]: [MoonriseCommon] Paper is using 1 worker threads, 1 I/O threads
[01:34:45] [Server thread/INFO]: [ChunkTaskScheduler] Chunk system is using population gen parallelism: true
[01:34:45] [Server thread/INFO]: Default game type: SURVIVAL
[01:34:45] [Server thread/INFO]: Generating keypair
[01:34:45] [Server thread/INFO]: Starting Minecraft server on *:25565
[01:34:45] [Server thread/INFO]: Using epoll channel type
[01:34:45] [Server thread/INFO]: Paper: Using libdeflate (Linux x86_64) compression from Velocity.
[01:34:45] [Server thread/INFO]: Paper: Using OpenSSL 3.x.x (Linux x86_64) cipher from Velocity.
[01:34:46] [Server thread/WARN]: [org.bukkit.craftbukkit.legacy.CraftLegacy] Initializing Legacy Material Support. Unless you have legacy plugins and/or data this is a bug!
[01:34:55] [Server thread/WARN]: Legacy plugin Vanish v1.0-V does not specify an api-version.
[01:34:55] [Server thread/INFO]: [SpigotLibraryLoader] [ItemEdit] Loading 5 libraries... please wait
[01:34:55] [Server thread/INFO]: [SpigotLibraryLoader] [ItemEdit] Loaded library /workspaces/mc/servidor_minecraft/libraries/net/kyori/adventure-api/4.20.0/adventure-api-4.20.0.jar
[01:34:55] [Server thread/INFO]: [SpigotLibraryLoader] [ItemEdit] Loaded library /workspaces/mc/servidor_minecraft/libraries/net/kyori/adventure-key/4.20.0/adventure-key-4.20.0.jar
[01:34:55] [Server thread/INFO]: [SpigotLibraryLoader] [ItemEdit] Loaded library /workspaces/mc/servidor_minecraft/libraries/net/kyori/examination-api/1.3.0/examination-api-1.3.0.jar
[01:34:55] [Server thread/INFO]: [SpigotLibraryLoader] [ItemEdit] Loaded library /workspaces/mc/servidor_minecraft/libraries/net/kyori/examination-string/1.3.0/examination-string-1.3.0.jar
[01:34:55] [Server thread/INFO]: [SpigotLibraryLoader] [ItemEdit] Loaded library /workspaces/mc/servidor_minecraft/libraries/org/jetbrains/annotations/26.0.2/annotations-26.0.2.jar
[01:34:55] [Server thread/INFO]: [SpigotLibraryLoader] [ItemEdit] Loaded library /workspaces/mc/servidor_minecraft/libraries/net/kyori/adventure-platform-bukkit/4.3.4/adventure-platform-bukkit-4.3.4.jar
[01:34:55] [Server thread/INFO]: [SpigotLibraryLoader] [ItemEdit] Loaded library /workspaces/mc/servidor_minecraft/libraries/net/kyori/adventure-platform-api/4.3.4/adventure-platform-api-4.3.4.jar
[01:34:55] [Server thread/INFO]: [SpigotLibraryLoader] [ItemEdit] Loaded library /workspaces/mc/servidor_minecraft/libraries/net/kyori/adventure-text-serializer-bungeecord/4.3.4/adventure-text-serializer-bungeecord-4.3.4.jar
[01:34:55] [Server thread/INFO]: [SpigotLibraryLoader] [ItemEdit] Loaded library /workspaces/mc/servidor_minecraft/libraries/net/kyori/adventure-nbt/4.13.1/adventure-nbt-4.13.1.jar
[01:34:55] [Server thread/INFO]: [SpigotLibraryLoader] [ItemEdit] Loaded library /workspaces/mc/servidor_minecraft/libraries/net/kyori/adventure-text-serializer-gson-legacy-impl/4.13.1/adventure-text-serializer-gson-legacy-impl-4.13.1.jar
[01:34:55] [Server thread/INFO]: [SpigotLibraryLoader] [ItemEdit] Loaded library /workspaces/mc/servidor_minecraft/libraries/net/kyori/adventure-platform-facet/4.3.4/adventure-platform-facet-4.3.4.jar
[01:34:55] [Server thread/INFO]: [SpigotLibraryLoader] [ItemEdit] Loaded library /workspaces/mc/servidor_minecraft/libraries/net/kyori/adventure-platform-viaversion/4.3.4/adventure-platform-viaversion-4.3.4.jar
[01:34:55] [Server thread/INFO]: [SpigotLibraryLoader] [ItemEdit] Loaded library /workspaces/mc/servidor_minecraft/libraries/net/kyori/adventure-text-minimessage/4.20.0/adventure-text-minimessage-4.20.0.jar
[01:34:55] [Server thread/INFO]: [SpigotLibraryLoader] [ItemEdit] Loaded library /workspaces/mc/servidor_minecraft/libraries/net/kyori/adventure-text-serializer-gson/4.20.0/adventure-text-serializer-gson-4.20.0.jar
[01:34:55] [Server thread/INFO]: [SpigotLibraryLoader] [ItemEdit] Loaded library /workspaces/mc/servidor_minecraft/libraries/net/kyori/adventure-text-serializer-json/4.20.0/adventure-text-serializer-json-4.20.0.jar
[01:34:55] [Server thread/INFO]: [SpigotLibraryLoader] [ItemEdit] Loaded library /workspaces/mc/servidor_minecraft/libraries/net/kyori/option/1.1.0/option-1.1.0.jar
[01:34:55] [Server thread/INFO]: [SpigotLibraryLoader] [ItemEdit] Loaded library /workspaces/mc/servidor_minecraft/libraries/org/jspecify/jspecify/1.0.0/jspecify-1.0.0.jar
[01:34:55] [Server thread/INFO]: [SpigotLibraryLoader] [ItemEdit] Loaded library /workspaces/mc/servidor_minecraft/libraries/com/google/code/gson/gson/2.8.0/gson-2.8.0.jar
[01:34:55] [Server thread/INFO]: [SpigotLibraryLoader] [ItemEdit] Loaded library /workspaces/mc/servidor_minecraft/libraries/com/google/auto/service/auto-service-annotations/1.1.1/auto-service-annotations-1.1.1.jar
[01:34:55] [Server thread/INFO]: [SpigotLibraryLoader] [ItemEdit] Loaded library /workspaces/mc/servidor_minecraft/libraries/net/kyori/adventure-text-serializer-commons/4.20.0/adventure-text-serializer-commons-4.20.0.jar
[01:34:55] [Server thread/INFO]: [SpigotLibraryLoader] [ItemEdit] Loaded library /workspaces/mc/servidor_minecraft/libraries/net/kyori/adventure-text-serializer-legacy/4.20.0/adventure-text-serializer-legacy-4.20.0.jar
[01:34:55] [Server thread/INFO]: [ViaVersion] Loading server plugin ViaVersion v5.5.0-SNAPSHOT
[01:34:55] [Server thread/INFO]: [ViaVersion] ViaVersion 5.5.0-SNAPSHOT is now loaded. Registering protocol transformers and injecting...
[01:34:56] [Via-Mappingloader-0/INFO]: [ViaVersion] Loading block connection mappings ...
[01:34:56] [Via-Mappingloader-0/INFO]: [ViaVersion] Using FastUtil Long2ObjectOpenHashMap for block connections
[01:34:56] [Server thread/INFO]: [ViaBackwards] Loading translations...
[01:34:56] [Server thread/INFO]: [ViaBackwards] Registering protocols...
[01:34:57] [Server thread/INFO]: [ViaBackwards] Loading server plugin ViaBackwards v5.4.3-SNAPSHOT
[01:34:57] [Server thread/INFO]: [OpenInv] Loading server plugin OpenInv v5.1.13
[01:34:57] [Server thread/INFO]: [Vanish] Loading server plugin Vanish v1.0-V
[01:34:57] [Server thread/INFO]: [BattleLock] Loading server plugin BattleLock v1.3
[01:34:57] [Server thread/INFO]: [ItemEditor] Loading server plugin ItemEditor v2.1.0
[01:34:57] [Server thread/INFO]: [ItemEditor] Detected Minecraft version 1.21.8
[01:34:57] [Server thread/INFO]: [ItemEdit] Loading server plugin ItemEdit v3.7.4
[01:34:57] [Server thread/INFO]: [LoginSecurity] Loading server plugin LoginSecurity v3.3.0
[01:34:57] [Server thread/INFO]: [SkinsRestorer] Loading server plugin SkinsRestorer v15.8.0
[01:34:57] [Server thread/INFO]: Server permissions file permissions.yml is empty, ignoring it
[01:34:57] [Server thread/INFO]: [SkinsRestorer] Enabling SkinsRestorer v15.8.0
[01:34:58] [Server thread/INFO]: [SkinsRestorer] Running on Minecraft 1.21.8.
[01:34:58] [Server thread/INFO]: [SkinsRestorer] Using paper join listener!
[01:34:58] [Server thread/WARN]: **** SERVER IS RUNNING IN OFFLINE/INSECURE MODE!
[01:34:58] [Server thread/WARN]: The server will make no attempt to authenticate usernames. Beware.
[01:34:58] [Server thread/WARN]: While this makes the game possible to play without internet access, it also opens up the ability for hackers to connect with any username they choose.
[01:34:58] [Server thread/WARN]: To change this, set "online-mode" to "true" in the server.properties file.
[01:34:58] [Server thread/INFO]: Preparing level "world"
[01:34:58] [Folia Async Scheduler Thread #1/INFO]: [SkinsRestorer] ----------------------------------------------
[01:34:58] [Folia Async Scheduler Thread #1/INFO]: [SkinsRestorer]     +==================+
[01:34:58] [Folia Async Scheduler Thread #1/INFO]: [SkinsRestorer]     |   SkinsRestorer  |
[01:34:58] [Folia Async Scheduler Thread #1/INFO]: [SkinsRestorer]     |------------------|
[01:34:58] [Folia Async Scheduler Thread #1/INFO]: [SkinsRestorer]     |  Standalone Mode |
[01:34:58] [Folia Async Scheduler Thread #1/INFO]: [SkinsRestorer]     +==================+
[01:34:58] [Folia Async Scheduler Thread #1/INFO]: [SkinsRestorer] ----------------------------------------------
[01:34:58] [Folia Async Scheduler Thread #1/INFO]: [SkinsRestorer]     Version: 15.8.0
[01:34:58] [Folia Async Scheduler Thread #1/INFO]: [SkinsRestorer]     Commit: 752814e
[01:34:58] [Folia Async Scheduler Thread #1/INFO]: [SkinsRestorer]     This is the latest version!
[01:34:58] [Folia Async Scheduler Thread #1/INFO]: [SkinsRestorer] ----------------------------------------------
[01:34:58] [Folia Async Scheduler Thread #1/INFO]: [SkinsRestorer] Do you have issues? Read our troubleshooting guide: https://skinsrestorer.net/docs/troubleshooting
[01:34:58] [Folia Async Scheduler Thread #1/INFO]: [SkinsRestorer] Want to support SkinsRestorer? Consider donating: https://skinsrestorer.net/donate
[01:34:59] [Server thread/INFO]: Preparing start region for dimension minecraft:overworld
[01:34:59] [Server thread/INFO]: Preparing spawn area: 0%
[01:34:59] [Server thread/INFO]: Preparing spawn area: 14%
[01:35:00] [Server thread/INFO]: Preparing spawn area: 30%
[01:35:00] [Server thread/INFO]: Time elapsed: 1017 ms
[01:35:00] [Server thread/INFO]: Preparing start region for dimension minecraft:the_nether
[01:35:00] [Server thread/INFO]: Preparing spawn area: 0%
[01:35:00] [Server thread/INFO]: Time elapsed: 331 ms
[01:35:00] [Server thread/INFO]: Preparing start region for dimension minecraft:the_end
[01:35:00] [Server thread/INFO]: Preparing spawn area: 0%
[01:35:00] [Server thread/INFO]: Time elapsed: 126 ms
[01:35:00] [Server thread/INFO]: [ViaVersion] Enabling ViaVersion v5.5.0-SNAPSHOT
[01:35:00] [Server thread/INFO]: [ViaVersion] ViaVersion detected server version: 1.21.7-1.21.8 (772)
[01:35:00] [Server thread/INFO]: [ViaBackwards] Enabling ViaBackwards v5.4.3-SNAPSHOT
[01:35:00] [Server thread/INFO]: [OpenInv] Enabling OpenInv v5.1.13
[01:35:00] [Server thread/INFO]: [Vanish] Enabling Vanish v1.0-V*
[01:35:00] [Server thread/INFO]: [BattleLock] Enabling BattleLock v1.3
[01:35:00] [Server thread/INFO]: [BattleLock] BattleLock has been enabled! Combat logging protection is now active.
[01:35:00] [Server thread/INFO]: [ItemEditor] Enabling ItemEditor v2.1.0
[01:35:00] [Server thread/INFO]: [ItemEditor] Reloading items.
[01:35:00] [Server thread/INFO]: [ItemEditor] Loaded 0 items from storage.
[01:35:00] [Server thread/INFO]: [ItemEdit] Enabling ItemEdit v3.7.4
[01:35:00] [Server thread/INFO]: [ItemEdit] Hooking into MiniMessageAPI see https://webui.advntr.dev/
[01:35:01] [Server thread/INFO]: [ItemEdit] Selected Storage Type: YAML
[01:35:01] [Server thread/INFO]: [ItemEdit] Unable to hook into Vault
[01:35:01] [Server thread/INFO]: [ItemEdit] # Enabled (took 259 ms)
[01:35:01] [Server thread/INFO]: [LoginSecurity] Enabling LoginSecurity v3.3.0
[01:35:01] [Server thread/INFO]: [LoginSecurity] Loading base translations from "en_us"
[01:35:01] [Server thread/INFO]: [LoginSecurity] Loading specified translations from "en_us"
[01:35:01] [Server thread/INFO]: [LoginSecurity] Registering commands...
[01:35:01] [Server thread/INFO]: [LoginSecurity] Registering listeners...
[01:35:01] [Server thread/INFO]: [LoginSecurity] Using 1.12+ map captcha renderer
[01:35:01] [Server thread/INFO]: [spark] Starting background profiler...
[01:35:02] [Server thread/INFO]: Done preparing level "world" (3.844s)
[01:35:02] [Server thread/INFO]: Running delayed init tasks
[01:35:02] [Server thread/INFO]: Done (28.993s)! For help, type "help"
[01:35:02] [Craft Scheduler Thread - 2 - ViaVersion/INFO]: [ViaVersion] Finished mapping loading, shutting down loader executor.
[01:35:02] [Server thread/INFO]: [ViaVersion] You are running a development version of the plugin, please report any bugs to GitHub.
[01:36:45] [User Authenticator #0/INFO]: UUID of player cre1zy is 431dda4a-c050-3117-9ced-4d47fe05c23f
[01:36:45] [Server thread/INFO]: [HorriblePlayerLoginEventHack] You have plugins listening to the PlayerLoginEvent, this will cause re-configuration APIs to be unavailable: [SkinsRestorer, LoginSecurity]
[01:36:46] [User Authenticator #0/INFO]: UUID of player Xautral is 86f4fd4a-173d-3e06-a1bf-669194d778d7
[01:36:48] [Server thread/INFO]: [Phantomsoul Clan] cre1zy joined the game
[01:36:48] [Server thread/INFO]: cre1zy[/127.68.29.89:54611] logged in with entity id 28 at ([world]-299.38990529505855, 71.0, 859.3638614173423)
[01:36:49] [Server thread/WARN]: [ca.spottedleaf.moonrise.patches.chunk_system.level.entity.EntityLookup] Entity uuid already exists: a634d93a-f4f6-47f0-ada9-e00214589bbe, mapped to Bat['Bat'/129, uuid='a634d93a-f4f6-47f0-ada9-e00214589bbe', l='ServerLevel[world]', x=-278.37, y=-0.42, z=768.99, cpos=[-18, 48], tl=0, v=true], can't add Bat['Bat'/154, uuid='a634d93a-f4f6-47f0-ada9-e00214589bbe', l='ServerLevel[world]', x=-276.66, y=-0.01, z=767.33, cpos=[-18, 47], tl=0, v=false]
[01:36:50] [Server thread/INFO]: [Clan Xorg] Xautral joined the game
[01:36:50] [Server thread/INFO]: Xautral[/127.115.99.248:53299] logged in with entity id 29 at ([world]-211.33910991046088, 56.972593506215404, 808.6999999880791)
[01:37:11] [Server thread/INFO]: Xautral issued server command: /tp cre1zy
[01:37:11] [Server thread/INFO]: [[Clan Xorg] Xautral: Teleported [Clan Xorg] Xautral to [Phantomsoul Clan] cre1zy]
[01:37:12] [Server thread/INFO]: [[Clan Xorg] Xautral: Set own game mode to Creative Mode]
[01:37:18] [Server thread/INFO]: [[Clan Xorg] Xautral: Set own game mode to Spectator Mode]
[01:37:40] [Server thread/INFO]: [Phantomsoul Clan] cre1zy has made the advancement [What a Deal!]
[01:39:45] [Async Chat Thread - #0/INFO]: [Not Secure] <Xautral> toma
[01:39:51] [Async Chat Thread - #0/INFO]: [Not Secure] <Xautral> te daré un pequeño regalito por tu actividad
[01:39:52] [Server thread/INFO]: Xautral issued server command: /tp cre1zy
[01:39:52] [Server thread/INFO]: [[Clan Xorg] Xautral: Teleported [Clan Xorg] Xautral to [Phantomsoul Clan] cre1zy]
[01:39:53] [Async Chat Thread - #0/INFO]: [Not Secure] <Xautral> pero cre1zy
[01:39:55] [Async Chat Thread - #0/INFO]: [Not Secure] <Xautral> no has colonizado
[01:40:02] [Server thread/INFO]: [[Clan Xorg] Xautral: Set own game mode to Creative Mode]
[01:40:04] [Server thread/INFO]: Xautral issued server command: /inv cre1zy
[01:40:04] [Server thread/INFO]: Villager Villager['Weaponsmith'/42, uuid='b43a64f1-e964-4f1e-aad9-6fb4b8afeb19', l='ServerLevel[world]', x=-299.70, y=70.94, z=862.30, cpos=[-19, 53], tl=3921, v=true] died, message: 'Weaponsmith was slain by Zombie'
[01:40:10] [Async Chat Thread - #0/INFO]: [Not Secure] <cre1zy> ´osea tengo q poner la bandera
[01:40:12] [Async Chat Thread - #0/INFO]: [Not Secure] <Xautral> si
[01:40:16] [Async Chat Thread - #0/INFO]: [Not Secure] <Xautral> deja te doy los materiales para hacerlo
[01:40:26] [Async Chat Thread - #0/INFO]: [Not Secure] <Xautral> me avisas que tinte quieres
[01:40:38] [Async Chat Thread - #0/INFO]: [Not Secure] <cre1zy> dejame veo algun diseño
[01:40:54] [Async Chat Thread - #0/INFO]: [Not Secure] <Xautral> me avisas que tinte quieres
[01:40:58] [Async Chat Thread - #0/INFO]: [Not Secure] <cre1zy> ok
[01:41:20] [Async Chat Thread - #0/INFO]: [Not Secure] <Xautral> ya
[01:41:25] [Async Chat Thread - #0/INFO]: [Not Secure] <Xautral> ahi ta el cofre con las cosas
[01:42:53] [Async Chat Thread - #2/INFO]: [Not Secure] <cre1zy> ok
[01:43:09] [Async Chat Thread - #2/INFO]: [Not Secure] <cre1zy> let me cookm
[01:44:35] [Async Chat Thread - #4/INFO]: [Not Secure] <cre1zy> me das tinte blanco??
[01:45:39] [Async Chat Thread - #6/INFO]: [Not Secure] <Xautral> SI
[01:45:44] [Server thread/INFO]: Xautral issued server command: /give cre1zy white_dye[
[01:45:45] [Server thread/INFO]: Xautral issued server command: /give cre1zy white_dye
[01:45:45] [Server thread/INFO]: [[Clan Xorg] Xautral: Gave 1 [White Dye] to [Phantomsoul Clan] cre1zy]
[01:45:51] [Server thread/INFO]: Xautral issued server command: /give cre1zy white_dye 2
[01:45:51] [Server thread/INFO]: [[Clan Xorg] Xautral: Gave 2 [White Dye] to [Phantomsoul Clan] cre1zy]
[01:45:52] [Server thread/INFO]: Xautral issued server command: /give cre1zy white_dye 3
[01:45:52] [Server thread/INFO]: [[Clan Xorg] Xautral: Gave 3 [White Dye] to [Phantomsoul Clan] cre1zy]
[01:45:53] [Server thread/INFO]: Xautral issued server command: /give cre1zy white_dye 4
[01:45:53] [Server thread/INFO]: [[Clan Xorg] Xautral: Gave 4 [White Dye] to [Phantomsoul Clan] cre1zy]
[01:45:56] [Server thread/INFO]: Xautral issued server command: /inv cre1
[01:46:01] [Server thread/INFO]: Xautral issued server command: /inv cre1
[01:47:16] [Async Chat Thread - #8/INFO]: [Not Secure] <cre1zy> mejor dame tinte negro XD
[01:47:24] [Server thread/INFO]: Xautral issued server command: /give cre1zy black_dye
[01:47:24] [Server thread/INFO]: [[Clan Xorg] Xautral: Gave 1 [Black Dye] to [Phantomsoul Clan] cre1zy]
[01:47:25] [Server thread/INFO]: Xautral issued server command: /give cre1zy black_dye 5
[01:47:25] [Server thread/INFO]: [[Clan Xorg] Xautral: Gave 5 [Black Dye] to [Phantomsoul Clan] cre1zy]
[01:47:28] [Server thread/INFO]: [@: Gave 1 [⊗⊕⊗ Ε Ζ Η Θ Ι Κ Λ ⊗⊕⊗] to 2]
[01:47:34] [Server thread/INFO]: [Clan Xorg] Xautral has made the advancement [Ol' Betsy]
[01:47:39] [Server thread/INFO]: [Clan Xorg] Xautral has made the advancement [Take Aim]
[01:47:52] [Server thread/INFO]: Xautral issued server command: /inv cre1zy
[01:48:42] [Server thread/INFO]: [@: Gave 1 [♥ ♦ ♥  Ε Ζ Η Θ Ι Κ Λ ★ ♣ ★ ] to 2]
[01:48:59] [Server thread/INFO]: Xautral issued server command: /inv cre1zy
[01:49:01] [Server thread/INFO]: Xautral issued server command: /tp cre1zy
[01:49:01] [Server thread/INFO]: [[Clan Xorg] Xautral: Teleported [Clan Xorg] Xautral to [Phantomsoul Clan] cre1zy]
[01:49:39] [Server thread/INFO]: [@: Gave 1 [♥ ♦ ♥  Ε Ζ Η Θ Ι Κ Λ ★ ♣ ★ ] to 2]
[01:50:11] [Async Chat Thread - #10/INFO]: [Not Secure] <cre1zy> me das tinte celeste?? XDD
[01:50:18] [Async Chat Thread - #10/INFO]: [Not Secure] <cre1zy> azul cielo digo
[01:50:22] [Async Chat Thread - #10/INFO]: [Not Secure] <cre1zy> esa kgada
[01:50:31] [Async Chat Thread - #10/INFO]: [Not Secure] <Xautral> una ballesta
[01:51:03] [Server thread/INFO]: Xautral issued server command: /summon minecraft:iron_golem
[01:51:03] [Server thread/INFO]: [[Clan Xorg] Xautral: Summoned new Iron Golem]
[01:51:32] [Server thread/INFO]: Xautral issued server command: /inv volcon
[01:52:11] [Server thread/INFO]: Xautral issued server command: /tp cre1zy
[01:52:11] [Server thread/INFO]: [[Clan Xorg] Xautral: Teleported [Clan Xorg] Xautral to [Phantomsoul Clan] cre1zy]
[01:52:12] [Async Chat Thread - #12/INFO]: [Not Secure] <cre1zy> ou yea
[01:52:18] [Async Chat Thread - #12/INFO]: [Not Secure] <Xautral> dejame adivinar
[01:52:20] [Async Chat Thread - #12/INFO]: [Not Secure] <Xautral> miencraft.toll
[01:52:22] [Async Chat Thread - #12/INFO]: [Not Secure] <Xautral> miencraft.tools*
[01:52:23] [Async Chat Thread - #12/INFO]: [Not Secure] <cre1zy> no
[01:52:25] [Async Chat Thread - #12/INFO]: [Not Secure] <cre1zy> pinterest
[01:52:25] [Async Chat Thread - #12/INFO]: [Not Secure] <Xautral> minecraft.tools*
[01:52:29] [Async Chat Thread - #12/INFO]: [Not Secure] <Xautral> ._.
[01:52:31] [Async Chat Thread - #12/INFO]: [Not Secure] <Xautral> bueni
[01:52:34] [Async Chat Thread - #12/INFO]: [Not Secure] <Xautral> que estandarte usaste
[01:52:41] [Async Chat Thread - #12/INFO]: [Not Secure] <cre1zy> el celeste
[01:52:43] [Async Chat Thread - #12/INFO]: [Not Secure] <cre1zy> creo q es
[01:52:44] [Async Chat Thread - #12/INFO]: [Not Secure] <Xautral> ya
[01:52:46] [Async Chat Thread - #12/INFO]: [Not Secure] <cre1zy> azul cielo
[01:52:55] [Async Chat Thread - #12/INFO]: [Not Secure] <Xautral> para que colonzies
[01:53:00] [Async Chat Thread - #12/INFO]: [Not Secure] <Xautral> si queires te o pongo en la cabeza
[01:53:05] [Async Chat Thread - #12/INFO]: [Not Secure] <cre1zy> seh
[01:53:09] [Server thread/INFO]: Xautral issued server command: /inv cre1zy
[01:53:15] [Async Chat Thread - #12/INFO]: [Not Secure] <Xautral> ya
[01:54:01] [Server thread/INFO]: Xautral issued server command: /give @a crossbow[use_cooldown={seconds:2}]
[01:54:01] [Server thread/INFO]: [[Clan Xorg] Xautral: Gave 1 [Crossbow] to 2]
